<?xml version="1.0" encoding="UTF-8"?>
<testng-results skipped="0" failed="1" total="1" passed="0">
  <reporter-output>
  </reporter-output>
  <suite name="Vitreos" duration-ms="6840" started-at="2016-03-04T08:00:26Z" finished-at="2016-03-04T08:00:32Z">
    <groups>
    </groups>
    <test name="Vitreos Test Result Firefox" duration-ms="6840" started-at="2016-03-04T08:00:26Z" finished-at="2016-03-04T08:00:32Z">
      <class name="com.psci.testscripts.TestPSCI">
        <test-method status="PASS" signature="beforeTest(java.lang.String)[pri:0, instance:com.psci.testscripts.TestPSCI@61a52fbd]" name="beforeTest" is-config="true" duration-ms="6515" started-at="2016-03-04T13:30:26Z" finished-at="2016-03-04T13:30:32Z">
          <params>
            <param index="0">
              <value>
                <![CDATA[firefox]]>
              </value>
            </param>
          </params>
          <reporter-output>
          </reporter-output>
        </test-method> <!-- beforeTest -->
        <test-method status="FAIL" signature="verifyLogin(java.lang.String, java.lang.String)[pri:0, instance:com.psci.testscripts.TestPSCI@61a52fbd]" name="verifyLogin" duration-ms="53" started-at="2016-03-04T13:30:32Z" data-provider="Authentication" finished-at="2016-03-04T13:30:32Z">
          <params>
            <param index="0">
              <value>
                <![CDATA[sumanta]]>
              </value>
            </param>
            <param index="1">
              <value>
                <![CDATA[Automation@143]]>
              </value>
            </param>
          </params>
          <exception class="java.lang.AssertionError">
            <message>
              <![CDATA[Login Title validation failed expected [Vitreos Healthcare Data Analyzer] but found [Google]]]>
            </message>
            <full-stacktrace>
              <![CDATA[java.lang.AssertionError: Login Title validation failed expected [Vitreos Healthcare Data Analyzer] but found [Google]
	at org.testng.Assert.fail(Assert.java:94)
	at org.testng.Assert.failNotEquals(Assert.java:496)
	at org.testng.Assert.assertEquals(Assert.java:125)
	at org.testng.Assert.assertEquals(Assert.java:178)
	at com.psci.pageobject.VitreosLoginPage.verifyLoginPage(VitreosLoginPage.java:42)
	at com.psci.testscripts.TestPSCI.verifyLogin(TestPSCI.java:69)
	at sun.reflect.NativeMethodAccessorImpl.invoke0(Native Method)
	at sun.reflect.NativeMethodAccessorImpl.invoke(NativeMethodAccessorImpl.java:62)
	at sun.reflect.DelegatingMethodAccessorImpl.invoke(DelegatingMethodAccessorImpl.java:43)
	at java.lang.reflect.Method.invoke(Method.java:497)
	at org.testng.internal.MethodInvocationHelper.invokeMethod(MethodInvocationHelper.java:85)
	at org.testng.internal.Invoker.invokeMethod(Invoker.java:648)
	at org.testng.internal.Invoker.invokeTestMethod(Invoker.java:834)
	at org.testng.internal.Invoker.invokeTestMethods(Invoker.java:1142)
	at org.testng.internal.TestMethodWorker.invokeTestMethods(TestMethodWorker.java:124)
	at org.testng.internal.TestMethodWorker.run(TestMethodWorker.java:108)
	at org.testng.TestRunner.privateRun(TestRunner.java:771)
	at org.testng.TestRunner.run(TestRunner.java:621)
	at org.testng.SuiteRunner.runTest(SuiteRunner.java:357)
	at org.testng.SuiteRunner.runSequentially(SuiteRunner.java:352)
	at org.testng.SuiteRunner.privateRun(SuiteRunner.java:310)
	at org.testng.SuiteRunner.run(SuiteRunner.java:259)
	at org.testng.SuiteRunnerWorker.runSuite(SuiteRunnerWorker.java:52)
	at org.testng.SuiteRunnerWorker.run(SuiteRunnerWorker.java:86)
	at org.testng.TestNG.runSuitesSequentially(TestNG.java:1176)
	at org.testng.TestNG.runSuitesLocally(TestNG.java:1101)
	at org.testng.TestNG.run(TestNG.java:1009)
	at org.testng.remote.RemoteTestNG.run(RemoteTestNG.java:111)
	at org.testng.remote.RemoteTestNG.initAndRun(RemoteTestNG.java:204)
	at org.testng.remote.RemoteTestNG.main(RemoteTestNG.java:175)
]]>
            </full-stacktrace>
          </exception> <!-- java.lang.AssertionError -->
          <reporter-output>
          </reporter-output>
        </test-method> <!-- verifyLogin -->
        <test-method status="PASS" signature="captureScreenShot(org.testng.ITestResult)[pri:0, instance:com.psci.testscripts.TestPSCI@61a52fbd]" name="captureScreenShot" is-config="true" duration-ms="141" started-at="2016-03-04T13:30:32Z" finished-at="2016-03-04T13:30:32Z">
          <params>
            <param index="0">
              <value>
                <![CDATA[[TestResult name=verifyLogin status=FAILURE method=TestPSCI.verifyLogin(java.lang.String, java.lang.String)[pri:0, instance:com.psci.testscripts.TestPSCI@61a52fbd] output={null}]]]>
              </value>
            </param>
          </params>
          <reporter-output>
          </reporter-output>
        </test-method> <!-- captureScreenShot -->
      </class> <!-- com.psci.testscripts.TestPSCI -->
    </test> <!-- Vitreos Test Result Firefox -->
  </suite> <!-- Vitreos -->
</testng-results>
