<?xml version="1.0" encoding="UTF-8"?>
<!-- Generated by org.testng.reporters.JUnitXMLReporter -->
<testsuite hostname="B1403F2D" name="Default test" tests="15" failures="0" timestamp="2 Oct 2015 08:39:56 GMT" time="0.25" errors="0">
  <testcase name="@BeforeTest beforeTest" time="0.0" classname="com.psci.testscripts.TestPSCI">
    <failure type="org.testng.TestNGException" message="
Parameter &amp;apos;Browser&amp;apos; is required by @Configuration on method beforeTest but has not been marked @Optional or defined
in C:\Users\skbehera\AppData\Local\Temp\testng-eclipse--1948798386\testng-customsuite.xml">
      <![CDATA[org.testng.TestNGException: 
Parameter 'Browser' is required by @Configuration on method beforeTest but has not been marked @Optional or defined
in C:\Users\skbehera\AppData\Local\Temp\testng-eclipse--1948798386\testng-customsuite.xml
	at org.testng.internal.Parameters.createParameters(Parameters.java:148)
	at org.testng.internal.Parameters.createParameters(Parameters.java:361)
	at org.testng.internal.Parameters.createConfigurationParameters(Parameters.java:84)
	at org.testng.internal.Invoker.invokeConfigurations(Invoker.java:199)
	at org.testng.internal.Invoker.invokeConfigurations(Invoker.java:140)
	at org.testng.TestRunner.beforeRun(TestRunner.java:645)
	at org.testng.TestRunner.run(TestRunner.java:613)
	at org.testng.SuiteRunner.runTest(SuiteRunner.java:357)
	at org.testng.SuiteRunner.runSequentially(SuiteRunner.java:352)
	at org.testng.SuiteRunner.privateRun(SuiteRunner.java:310)
	at org.testng.SuiteRunner.run(SuiteRunner.java:259)
	at org.testng.SuiteRunnerWorker.runSuite(SuiteRunnerWorker.java:52)
	at org.testng.SuiteRunnerWorker.run(SuiteRunnerWorker.java:86)
	at org.testng.TestNG.runSuitesSequentially(TestNG.java:1176)
	at org.testng.TestNG.runSuitesLocally(TestNG.java:1101)
	at org.testng.TestNG.run(TestNG.java:1009)
	at org.testng.remote.RemoteTestNG.run(RemoteTestNG.java:111)
	at org.testng.remote.RemoteTestNG.initAndRun(RemoteTestNG.java:204)
	at org.testng.remote.RemoteTestNG.main(RemoteTestNG.java:175)
]]>
    </failure>
  </testcase> <!-- @BeforeTest beforeTest -->
  <testcase name="@AfterMethod captureScreenShot" time="0.0" classname="com.psci.testscripts.TestPSCI">
    <skipped/>
  </testcase> <!-- @AfterMethod captureScreenShot -->
  <testcase name="@AfterMethod captureScreenShot" time="0.0" classname="com.psci.testscripts.TestPSCI">
    <skipped/>
  </testcase> <!-- @AfterMethod captureScreenShot -->
  <testcase name="@AfterMethod captureScreenShot" time="0.0" classname="com.psci.testscripts.TestPSCI">
    <skipped/>
  </testcase> <!-- @AfterMethod captureScreenShot -->
  <testcase name="@AfterMethod captureScreenShot" time="0.0" classname="com.psci.testscripts.TestPSCI">
    <skipped/>
  </testcase> <!-- @AfterMethod captureScreenShot -->
  <testcase name="@AfterMethod captureScreenShot" time="0.0" classname="com.psci.testscripts.TestPSCI">
    <skipped/>
  </testcase> <!-- @AfterMethod captureScreenShot -->
  <testcase name="@AfterMethod captureScreenShot" time="0.0" classname="com.psci.testscripts.TestPSCI">
    <skipped/>
  </testcase> <!-- @AfterMethod captureScreenShot -->
  <testcase name="@AfterMethod captureScreenShot" time="0.0" classname="com.psci.testscripts.TestPSCI">
    <skipped/>
  </testcase> <!-- @AfterMethod captureScreenShot -->
  <testcase name="@AfterMethod captureScreenShot" time="0.0" classname="com.psci.testscripts.TestPSCI">
    <skipped/>
  </testcase> <!-- @AfterMethod captureScreenShot -->
  <testcase name="@AfterMethod captureScreenShot" time="0.0" classname="com.psci.testscripts.TestPSCI">
    <skipped/>
  </testcase> <!-- @AfterMethod captureScreenShot -->
  <testcase name="@AfterMethod captureScreenShot" time="0.0" classname="com.psci.testscripts.TestPSCI">
    <skipped/>
  </testcase> <!-- @AfterMethod captureScreenShot -->
  <testcase name="@AfterMethod captureScreenShot" time="0.0" classname="com.psci.testscripts.TestPSCI">
    <skipped/>
  </testcase> <!-- @AfterMethod captureScreenShot -->
  <testcase name="@AfterMethod captureScreenShot" time="0.0" classname="com.psci.testscripts.TestPSCI">
    <skipped/>
  </testcase> <!-- @AfterMethod captureScreenShot -->
  <testcase name="@AfterMethod captureScreenShot" time="0.0" classname="com.psci.testscripts.TestPSCI">
    <skipped/>
  </testcase> <!-- @AfterMethod captureScreenShot -->
  <testcase name="@AfterMethod captureScreenShot" time="0.0" classname="com.psci.testscripts.TestPSCI">
    <skipped/>
  </testcase> <!-- @AfterMethod captureScreenShot -->
  <testcase name="verifyLogin" time="0.0" classname="com.psci.testscripts.TestPSCI">
    <skipped/>
  </testcase> <!-- verifyLogin -->
  <testcase name="dimensionsTest" time="0.0" classname="com.psci.testscripts.TestPSCI">
    <skipped/>
  </testcase> <!-- dimensionsTest -->
  <testcase name="dimensionSummaryTest" time="0.0" classname="com.psci.testscripts.TestPSCI">
    <skipped/>
  </testcase> <!-- dimensionSummaryTest -->
  <testcase name="oneYearDOSReportTest" time="0.0" classname="com.psci.testscripts.TestPSCI">
    <skipped/>
  </testcase> <!-- oneYearDOSReportTest -->
  <testcase name="exportPatientDisparitiesReportTest" time="0.0" classname="com.psci.testscripts.TestPSCI">
    <skipped/>
  </testcase> <!-- exportPatientDisparitiesReportTest -->
  <testcase name="exportPatientCareRecommendationReportTest" time="0.0" classname="com.psci.testscripts.TestPSCI">
    <skipped/>
  </testcase> <!-- exportPatientCareRecommendationReportTest -->
  <testcase name="excludeMultiSelectTest" time="0.0" classname="com.psci.testscripts.TestPSCI">
    <skipped/>
  </testcase> <!-- excludeMultiSelectTest -->
  <testcase name="searchTest" time="0.0" classname="com.psci.testscripts.TestPSCI">
    <skipped/>
  </testcase> <!-- searchTest -->
  <testcase name="multiSelectTest" time="0.0" classname="com.psci.testscripts.TestPSCI">
    <skipped/>
  </testcase> <!-- multiSelectTest -->
  <testcase name="analyticsClickTest" time="0.0" classname="com.psci.testscripts.TestPSCI">
    <skipped/>
  </testcase> <!-- analyticsClickTest -->
  <testcase name="saveViewLinkTest" time="0.0" classname="com.psci.testscripts.TestPSCI">
    <skipped/>
  </testcase> <!-- saveViewLinkTest -->
  <testcase name="openChartsTest" time="0.0" classname="com.psci.testscripts.TestPSCI">
    <skipped/>
  </testcase> <!-- openChartsTest -->
  <testcase name="costPMPMTest" time="0.0" classname="com.psci.testscripts.TestPSCI">
    <skipped/>
  </testcase> <!-- costPMPMTest -->
  <testcase name="RateMeasureValueTest" time="0.0" classname="com.psci.testscripts.TestPSCI">
    <skipped/>
  </testcase> <!-- RateMeasureValueTest -->
  <testcase name="verifyLogout" time="0.0" classname="com.psci.testscripts.TestPSCI">
    <skipped/>
  </testcase> <!-- verifyLogout -->
</testsuite> <!-- Default test -->
