<html>
<head>
<title>TestNG:  Default test</title>
<link href="../testng.css" rel="stylesheet" type="text/css" />
<link href="../my-testng.css" rel="stylesheet" type="text/css" />

<style type="text/css">
.log { display: none;} 
.stack-trace { display: none;} 
</style>
<script type="text/javascript">
<!--
function flip(e) {
  current = e.style.display;
  if (current == 'block') {
    e.style.display = 'none';
    return 0;
  }
  else {
    e.style.display = 'block';
    return 1;
  }
}

function toggleBox(szDivId, elem, msg1, msg2)
{
  var res = -1;  if (document.getElementById) {
    res = flip(document.getElementById(szDivId));
  }
  else if (document.all) {
    // this is the way old msie versions work
    res = flip(document.all[szDivId]);
  }
  if(elem) {
    if(res == 0) elem.innerHTML = msg1; else elem.innerHTML = msg2;
  }

}

function toggleAllBoxes() {
  if (document.getElementsByTagName) {
    d = document.getElementsByTagName('div');
    for (i = 0; i < d.length; i++) {
      if (d[i].className == 'log') {
        flip(d[i]);
      }
    }
  }
}

// -->
</script>

</head>
<body>
<h2 align='center'>Default test</h2><table border='1' align="center">
<tr>
<td>Tests passed/Failed/Skipped:</td><td>0/0/15</td>
</tr><tr>
<td>Started on:</td><td>Fri Oct 02 14:09:55 IST 2015</td>
</tr>
<tr><td>Total time:</td><td>0 seconds (250 ms)</td>
</tr><tr>
<td>Included groups:</td><td></td>
</tr><tr>
<td>Excluded groups:</td><td></td>
</tr>
</table><p/>
<small><i>(Hover the method name to see the test class name)</i></small><p/>
<table width='100%' border='1' class='invocation-failed'>
<tr><td colspan='4' align='center'><b>FAILED CONFIGURATIONS</b></td></tr>
<tr><td><b>Test method</b></td>
<td width="30%"><b>Exception</b></td>
<td width="10%"><b>Time (seconds)</b></td>
<td><b>Instance</b></td>
</tr>
<tr>
<td title='com.psci.testscripts.TestPSCI.beforeTest()'><b>beforeTest</b><br>Test class: com.psci.testscripts.TestPSCI</td>
<td><div><pre>org.testng.TestNGException: 
Parameter &apos;Browser&apos; is required by @Configuration on method beforeTest but has not been marked @Optional or defined
in C:\Users\skbehera\AppData\Local\Temp\testng-eclipse--1948798386\testng-customsuite.xml
	at org.testng.internal.Parameters.createParameters(Parameters.java:148)
	at org.testng.internal.Parameters.createParameters(Parameters.java:361)
	at org.testng.internal.Parameters.createConfigurationParameters(Parameters.java:84)
	at org.testng.internal.Invoker.invokeConfigurations(Invoker.java:199)
	at org.testng.internal.Invoker.invokeConfigurations(Invoker.java:140)
	at org.testng.TestRunner.beforeRun(TestRunner.java:645)
	at org.testng.TestRunner.run(TestRunner.java:613)
	at org.testng.SuiteRunner.runTest(SuiteRunner.java:357)
	at org.testng.SuiteRunner.runSequentially(SuiteRunner.java:352)
	at org.testng.SuiteRunner.privateRun(SuiteRunner.java:310)
	at org.testng.SuiteRunner.run(SuiteRunner.java:259)
	at org.testng.SuiteRunnerWorker.runSuite(SuiteRunnerWorker.java:52)
	at org.testng.SuiteRunnerWorker.run(SuiteRunnerWorker.java:86)
	at org.testng.TestNG.runSuitesSequentially(TestNG.java:1176)
	at org.testng.TestNG.runSuitesLocally(TestNG.java:1101)
	at org.testng.TestNG.run(TestNG.java:1009)
	at org.testng.remote.RemoteTestNG.run(RemoteTestNG.java:111)
	at org.testng.remote.RemoteTestNG.initAndRun(RemoteTestNG.java:204)
	at org.testng.remote.RemoteTestNG.main(RemoteTestNG.java:175)
</pre></div><a href='#' onClick='toggleBox("stack-trace93122545", this, "Click to show all stack frames", "Click to hide stack frames")'>Click to show all stack frames</a>
<div class='stack-trace' id='stack-trace93122545'><pre>org.testng.TestNGException: 
Parameter &apos;Browser&apos; is required by @Configuration on method beforeTest but has not been marked @Optional or defined
in C:\Users\skbehera\AppData\Local\Temp\testng-eclipse--1948798386\testng-customsuite.xml
	at org.testng.internal.Parameters.createParameters(Parameters.java:148)
	at org.testng.internal.Parameters.createParameters(Parameters.java:361)
	at org.testng.internal.Parameters.createConfigurationParameters(Parameters.java:84)
	at org.testng.internal.Invoker.invokeConfigurations(Invoker.java:199)
	at org.testng.internal.Invoker.invokeConfigurations(Invoker.java:140)
	at org.testng.TestRunner.beforeRun(TestRunner.java:645)
	at org.testng.TestRunner.run(TestRunner.java:613)
	at org.testng.SuiteRunner.runTest(SuiteRunner.java:357)
	at org.testng.SuiteRunner.runSequentially(SuiteRunner.java:352)
	at org.testng.SuiteRunner.privateRun(SuiteRunner.java:310)
	at org.testng.SuiteRunner.run(SuiteRunner.java:259)
	at org.testng.SuiteRunnerWorker.runSuite(SuiteRunnerWorker.java:52)
	at org.testng.SuiteRunnerWorker.run(SuiteRunnerWorker.java:86)
	at org.testng.TestNG.runSuitesSequentially(TestNG.java:1176)
	at org.testng.TestNG.runSuitesLocally(TestNG.java:1101)
	at org.testng.TestNG.run(TestNG.java:1009)
	at org.testng.remote.RemoteTestNG.run(RemoteTestNG.java:111)
	at org.testng.remote.RemoteTestNG.initAndRun(RemoteTestNG.java:204)
	at org.testng.remote.RemoteTestNG.main(RemoteTestNG.java:175)
</pre></div></td>
<td>0</td>
<td>null</td></tr>
</table><p>
<table width='100%' border='1' class='invocation-skipped'>
<tr><td colspan='4' align='center'><b>SKIPPED CONFIGURATIONS</b></td></tr>
<tr><td><b>Test method</b></td>
<td width="30%"><b>Exception</b></td>
<td width="10%"><b>Time (seconds)</b></td>
<td><b>Instance</b></td>
</tr>
<tr>
<td title='com.psci.testscripts.TestPSCI.captureScreenShot()'><b>captureScreenShot</b><br>Test class: com.psci.testscripts.TestPSCI</td>
<td></td>
<td>0</td>
<td>com.psci.testscripts.TestPSCI@445b84c0</td></tr>
<tr>
<td title='com.psci.testscripts.TestPSCI.captureScreenShot()'><b>captureScreenShot</b><br>Test class: com.psci.testscripts.TestPSCI</td>
<td></td>
<td>0</td>
<td>com.psci.testscripts.TestPSCI@445b84c0</td></tr>
<tr>
<td title='com.psci.testscripts.TestPSCI.captureScreenShot()'><b>captureScreenShot</b><br>Test class: com.psci.testscripts.TestPSCI</td>
<td></td>
<td>0</td>
<td>com.psci.testscripts.TestPSCI@445b84c0</td></tr>
<tr>
<td title='com.psci.testscripts.TestPSCI.captureScreenShot()'><b>captureScreenShot</b><br>Test class: com.psci.testscripts.TestPSCI</td>
<td></td>
<td>0</td>
<td>com.psci.testscripts.TestPSCI@445b84c0</td></tr>
<tr>
<td title='com.psci.testscripts.TestPSCI.captureScreenShot()'><b>captureScreenShot</b><br>Test class: com.psci.testscripts.TestPSCI</td>
<td></td>
<td>0</td>
<td>com.psci.testscripts.TestPSCI@445b84c0</td></tr>
<tr>
<td title='com.psci.testscripts.TestPSCI.captureScreenShot()'><b>captureScreenShot</b><br>Test class: com.psci.testscripts.TestPSCI</td>
<td></td>
<td>0</td>
<td>com.psci.testscripts.TestPSCI@445b84c0</td></tr>
<tr>
<td title='com.psci.testscripts.TestPSCI.captureScreenShot()'><b>captureScreenShot</b><br>Test class: com.psci.testscripts.TestPSCI</td>
<td></td>
<td>0</td>
<td>com.psci.testscripts.TestPSCI@445b84c0</td></tr>
<tr>
<td title='com.psci.testscripts.TestPSCI.captureScreenShot()'><b>captureScreenShot</b><br>Test class: com.psci.testscripts.TestPSCI</td>
<td></td>
<td>0</td>
<td>com.psci.testscripts.TestPSCI@445b84c0</td></tr>
<tr>
<td title='com.psci.testscripts.TestPSCI.captureScreenShot()'><b>captureScreenShot</b><br>Test class: com.psci.testscripts.TestPSCI</td>
<td></td>
<td>0</td>
<td>com.psci.testscripts.TestPSCI@445b84c0</td></tr>
<tr>
<td title='com.psci.testscripts.TestPSCI.captureScreenShot()'><b>captureScreenShot</b><br>Test class: com.psci.testscripts.TestPSCI</td>
<td></td>
<td>0</td>
<td>com.psci.testscripts.TestPSCI@445b84c0</td></tr>
<tr>
<td title='com.psci.testscripts.TestPSCI.captureScreenShot()'><b>captureScreenShot</b><br>Test class: com.psci.testscripts.TestPSCI</td>
<td></td>
<td>0</td>
<td>com.psci.testscripts.TestPSCI@445b84c0</td></tr>
<tr>
<td title='com.psci.testscripts.TestPSCI.captureScreenShot()'><b>captureScreenShot</b><br>Test class: com.psci.testscripts.TestPSCI</td>
<td></td>
<td>0</td>
<td>com.psci.testscripts.TestPSCI@445b84c0</td></tr>
<tr>
<td title='com.psci.testscripts.TestPSCI.captureScreenShot()'><b>captureScreenShot</b><br>Test class: com.psci.testscripts.TestPSCI</td>
<td></td>
<td>0</td>
<td>com.psci.testscripts.TestPSCI@445b84c0</td></tr>
<tr>
<td title='com.psci.testscripts.TestPSCI.captureScreenShot()'><b>captureScreenShot</b><br>Test class: com.psci.testscripts.TestPSCI</td>
<td></td>
<td>0</td>
<td>com.psci.testscripts.TestPSCI@445b84c0</td></tr>
</table><p>
<table width='100%' border='1' class='invocation-skipped'>
<tr><td colspan='4' align='center'><b>SKIPPED TESTS</b></td></tr>
<tr><td><b>Test method</b></td>
<td width="30%"><b>Exception</b></td>
<td width="10%"><b>Time (seconds)</b></td>
<td><b>Instance</b></td>
</tr>
<tr>
<td title='com.psci.testscripts.TestPSCI.RateMeasureValueTest()'><b>RateMeasureValueTest</b><br>Test class: com.psci.testscripts.TestPSCI<br>Test method: Verify the rate measures values (Hospital admission per 1000) for 2015 - Q2 from DOS Dimension.</td>
<td></td>
<td>0</td>
<td>com.psci.testscripts.TestPSCI@445b84c0</td></tr>
<tr>
<td title='com.psci.testscripts.TestPSCI.analyticsClickTest()'><b>analyticsClickTest</b><br>Test class: com.psci.testscripts.TestPSCI<br>Test method: Verify the Analytics functionality.</td>
<td></td>
<td>0</td>
<td>com.psci.testscripts.TestPSCI@445b84c0</td></tr>
<tr>
<td title='com.psci.testscripts.TestPSCI.costPMPMTest()'><b>costPMPMTest</b><br>Test class: com.psci.testscripts.TestPSCI<br>Test method: Verify the PMPM cost for 2015 - Q2 from DOS Dimension.</td>
<td></td>
<td>0</td>
<td>com.psci.testscripts.TestPSCI@445b84c0</td></tr>
<tr>
<td title='com.psci.testscripts.TestPSCI.dimensionSummaryTest()'><b>dimensionSummaryTest</b><br>Test class: com.psci.testscripts.TestPSCI<br>Test method: Verify that the Summary row opens for each dimension without any error.</td>
<td></td>
<td>0</td>
<td>com.psci.testscripts.TestPSCI@445b84c0</td></tr>
<tr>
<td title='com.psci.testscripts.TestPSCI.dimensionsTest()'><b>dimensionsTest</b><br>Test class: com.psci.testscripts.TestPSCI<br>Test method: Verify that without any filter, all dimensions open without any error.</td>
<td></td>
<td>0</td>
<td>com.psci.testscripts.TestPSCI@445b84c0</td></tr>
<tr>
<td title='com.psci.testscripts.TestPSCI.excludeMultiSelectTest()'><b>excludeMultiSelectTest</b><br>Test class: com.psci.testscripts.TestPSCI<br>Test method: Verify the Exclude MultiSelect functionality.</td>
<td></td>
<td>0</td>
<td>com.psci.testscripts.TestPSCI@445b84c0</td></tr>
<tr>
<td title='com.psci.testscripts.TestPSCI.exportPatientCareRecommendationReportTest()'><b>exportPatientCareRecommendationReportTest</b><br>Test class: com.psci.testscripts.TestPSCI<br>Test method: Verify that user is able to export the Care Recommendation report with 1 yr filter.</td>
<td></td>
<td>0</td>
<td>com.psci.testscripts.TestPSCI@445b84c0</td></tr>
<tr>
<td title='com.psci.testscripts.TestPSCI.exportPatientDisparitiesReportTest()'><b>exportPatientDisparitiesReportTest</b><br>Test class: com.psci.testscripts.TestPSCI<br>Test method: Verify that user is able to export the Disparities report with 1 yr filter.</td>
<td></td>
<td>0</td>
<td>com.psci.testscripts.TestPSCI@445b84c0</td></tr>
<tr>
<td title='com.psci.testscripts.TestPSCI.multiSelectTest()'><b>multiSelectTest</b><br>Test class: com.psci.testscripts.TestPSCI<br>Test method: Verify the MultiSelect functionality.</td>
<td></td>
<td>0</td>
<td>com.psci.testscripts.TestPSCI@445b84c0</td></tr>
<tr>
<td title='com.psci.testscripts.TestPSCI.oneYearDOSReportTest()'><b>oneYearDOSReportTest</b><br>Test class: com.psci.testscripts.TestPSCI<br>Test method: Take 1yr filter in DOS and verify that all dimensions open without any error.</td>
<td></td>
<td>0</td>
<td>com.psci.testscripts.TestPSCI@445b84c0</td></tr>
<tr>
<td title='com.psci.testscripts.TestPSCI.openChartsTest()'><b>openChartsTest</b><br>Test class: com.psci.testscripts.TestPSCI<br>Test method: Verify that user is able to open all charts.</td>
<td></td>
<td>0</td>
<td>com.psci.testscripts.TestPSCI@445b84c0</td></tr>
<tr>
<td title='com.psci.testscripts.TestPSCI.saveViewLinkTest()'><b>saveViewLinkTest</b><br>Test class: com.psci.testscripts.TestPSCI<br>Test method: Verify the reports functionality - Creating and view and access</td>
<td></td>
<td>0</td>
<td>com.psci.testscripts.TestPSCI@445b84c0</td></tr>
<tr>
<td title='com.psci.testscripts.TestPSCI.searchTest()'><b>searchTest</b><br>Test class: com.psci.testscripts.TestPSCI<br>Test method: Verify that user is able to Search for patient information.</td>
<td></td>
<td>0</td>
<td>com.psci.testscripts.TestPSCI@445b84c0</td></tr>
<tr>
<td title='com.psci.testscripts.TestPSCI.verifyLogin()'><b>verifyLogin</b><br>Test class: com.psci.testscripts.TestPSCI</td>
<td><div><pre>java.lang.RuntimeException: java.lang.ArrayIndexOutOfBoundsException: 1
	at org.testng.internal.MethodInvocationHelper.invokeDataProvider(MethodInvocationHelper.java:162)
	at org.testng.internal.Parameters.handleParameters(Parameters.java:430)
	at org.testng.internal.Invoker.handleParameters(Invoker.java:1287)
	at org.testng.internal.Invoker.createParameters(Invoker.java:1004)
	at org.testng.internal.Invoker.invokeTestMethods(Invoker.java:1093)
	at org.testng.internal.TestMethodWorker.invokeTestMethods(TestMethodWorker.java:124)
	at org.testng.internal.TestMethodWorker.run(TestMethodWorker.java:108)
	at org.testng.TestRunner.privateRun(TestRunner.java:771)
	at org.testng.TestRunner.run(TestRunner.java:621)
	at org.testng.SuiteRunner.runTest(SuiteRunner.java:357)
	at org.testng.SuiteRunner.runSequentially(SuiteRunner.java:352)
	at org.testng.SuiteRunner.privateRun(SuiteRunner.java:310)
	at org.testng.SuiteRunner.run(SuiteRunner.java:259)
	at org.testng.SuiteRunnerWorker.runSuite(SuiteRunnerWorker.java:52)
	at org.testng.SuiteRunnerWorker.run(SuiteRunnerWorker.java:86)
	at org.testng.TestNG.runSuitesSequentially(TestNG.java:1176)
	at org.testng.TestNG.runSuitesLocally(TestNG.java:1101)
	at org.testng.TestNG.run(TestNG.java:1009)
	at org.testng.remote.RemoteTestNG.run(RemoteTestNG.java:111)
	at org.testng.remote.RemoteTestNG.initAndRun(RemoteTestNG.java:204)
	at org.testng.remote.RemoteTestNG.main(RemoteTestNG.java:175)
Caused by: java.lang.ArrayIndexOutOfBoundsException: 1
	at com.psci.testscripts.TestPSCI.credentials(TestPSCI.java:74)
	at sun.reflect.NativeMethodAccessorImpl.invoke0(Native Method)
	at sun.reflect.NativeMethodAccessorImpl.invoke(NativeMethodAccessorImpl.java:62)
	at sun.reflect.DelegatingMethodAccessorImpl.invoke(DelegatingMethodAccessorImpl.java:43)
	at java.lang.reflect.Method.invoke(Method.java:497)
	at org.testng.internal.MethodInvocationHelper.invokeMethod(MethodInvocationHelper.java:85)
	at org.testng.internal.MethodInvocationHelper.invokeDataProvider(MethodInvocationHelper.java:136)
	... 20 more
</pre></div><a href='#' onClick='toggleBox("stack-trace1344199921", this, "Click to show all stack frames", "Click to hide stack frames")'>Click to show all stack frames</a>
<div class='stack-trace' id='stack-trace1344199921'><pre>java.lang.RuntimeException: java.lang.ArrayIndexOutOfBoundsException: 1
	at org.testng.internal.MethodInvocationHelper.invokeDataProvider(MethodInvocationHelper.java:162)
	at org.testng.internal.Parameters.handleParameters(Parameters.java:430)
	at org.testng.internal.Invoker.handleParameters(Invoker.java:1287)
	at org.testng.internal.Invoker.createParameters(Invoker.java:1004)
	at org.testng.internal.Invoker.invokeTestMethods(Invoker.java:1093)
	at org.testng.internal.TestMethodWorker.invokeTestMethods(TestMethodWorker.java:124)
	at org.testng.internal.TestMethodWorker.run(TestMethodWorker.java:108)
	at org.testng.TestRunner.privateRun(TestRunner.java:771)
	at org.testng.TestRunner.run(TestRunner.java:621)
	at org.testng.SuiteRunner.runTest(SuiteRunner.java:357)
	at org.testng.SuiteRunner.runSequentially(SuiteRunner.java:352)
	at org.testng.SuiteRunner.privateRun(SuiteRunner.java:310)
	at org.testng.SuiteRunner.run(SuiteRunner.java:259)
	at org.testng.SuiteRunnerWorker.runSuite(SuiteRunnerWorker.java:52)
	at org.testng.SuiteRunnerWorker.run(SuiteRunnerWorker.java:86)
	at org.testng.TestNG.runSuitesSequentially(TestNG.java:1176)
	at org.testng.TestNG.runSuitesLocally(TestNG.java:1101)
	at org.testng.TestNG.run(TestNG.java:1009)
	at org.testng.remote.RemoteTestNG.run(RemoteTestNG.java:111)
	at org.testng.remote.RemoteTestNG.initAndRun(RemoteTestNG.java:204)
	at org.testng.remote.RemoteTestNG.main(RemoteTestNG.java:175)
Caused by: java.lang.ArrayIndexOutOfBoundsException: 1
	at com.psci.testscripts.TestPSCI.credentials(TestPSCI.java:74)
	at sun.reflect.NativeMethodAccessorImpl.invoke0(Native Method)
	at sun.reflect.NativeMethodAccessorImpl.invoke(NativeMethodAccessorImpl.java:62)
	at sun.reflect.DelegatingMethodAccessorImpl.invoke(DelegatingMethodAccessorImpl.java:43)
	at java.lang.reflect.Method.invoke(Method.java:497)
	at org.testng.internal.MethodInvocationHelper.invokeMethod(MethodInvocationHelper.java:85)
	at org.testng.internal.MethodInvocationHelper.invokeDataProvider(MethodInvocationHelper.java:136)
	... 20 more
</pre></div></td>
<td>0</td>
<td>com.psci.testscripts.TestPSCI@445b84c0</td></tr>
<tr>
<td title='com.psci.testscripts.TestPSCI.verifyLogout()'><b>verifyLogout</b><br>Test class: com.psci.testscripts.TestPSCI<br>Test method: Verify the logout functionality.</td>
<td></td>
<td>0</td>
<td>com.psci.testscripts.TestPSCI@445b84c0</td></tr>
</table><p>
</body>
</html>